<testsuites name="jest tests">
  <testsuite name="Emitter" tests="30" errors="0" failures="0" skipped="0" timestamp="2020-12-01T20:17:11" time="19.176">
    <testcase classname="Emitter generics simple generics extending a generic with a string type results in the correct interface" name="Emitter generics simple generics extending a generic with a string type results in the correct interface" time="0.99">
    </testcase>
    <testcase classname="Emitter generics simple generics extending a generic with a number type results in the correct interface" name="Emitter generics simple generics extending a generic with a number type results in the correct interface" time="0.616">
    </testcase>
    <testcase classname="Emitter generics simple generics extending a generic with a complex type results in the correct interface" name="Emitter generics simple generics extending a generic with a complex type results in the correct interface" time="0.509">
    </testcase>
    <testcase classname="Emitter generics simple generics extending a generic with a string array type results in the correct interface" name="Emitter generics simple generics extending a generic with a string array type results in the correct interface" time="0.436">
    </testcase>
    <testcase classname="Emitter generics simple generics extending a generic with a number array type results in the correct interface" name="Emitter generics simple generics extending a generic with a number array type results in the correct interface" time="0.553">
    </testcase>
    <testcase classname="Emitter generics array generics extending a array generic with a string type results in the correct interface" name="Emitter generics array generics extending a array generic with a string type results in the correct interface" time="0.507">
    </testcase>
    <testcase classname="Emitter generics array generics extending a array generic with a number type results in the correct interface" name="Emitter generics array generics extending a array generic with a number type results in the correct interface" time="0.439">
    </testcase>
    <testcase classname="Emitter generics array generics extending a array generic with a complex type results in the correct interface" name="Emitter generics array generics extending a array generic with a complex type results in the correct interface" time="0.634">
    </testcase>
    <testcase classname="Emitter generics multiple generics extending a array and simple generic with a string and number type results in the correct interface" name="Emitter generics multiple generics extending a array and simple generic with a string and number type results in the correct interface" time="0.527">
    </testcase>
    <testcase classname="Emitter generics multiple generics extending a array and simple generic with a number and string type results in the correct interface" name="Emitter generics multiple generics extending a array and simple generic with a number and string type results in the correct interface" time="0.471">
    </testcase>
    <testcase classname="Emitter generics multiple generics extending a array and simple generic with a complex type and number type results in the correct interface" name="Emitter generics multiple generics extending a array and simple generic with a complex type and number type results in the correct interface" time="0.429">
    </testcase>
    <testcase classname="Emitter _emitUnion emits GQL type union for union of interface types" name="Emitter _emitUnion emits GQL type union for union of interface types" time="0.535">
    </testcase>
    <testcase classname="Emitter _emitUnion emits GQL enum union for union of enum types" name="Emitter _emitUnion emits GQL enum union for union of enum types" time="0.565">
    </testcase>
    <testcase classname="Emitter _emitUnion emits GQL type enum union for a union type of strings" name="Emitter _emitUnion emits GQL type enum union for a union type of strings" time="0.691">
    </testcase>
    <testcase classname="Emitter _emitUnion throws error if union combines interfaces with other node types" name="Emitter _emitUnion throws error if union combines interfaces with other node types" time="0.435">
    </testcase>
    <testcase classname="Emitter _emitUnion throws error if union combines enums with other node types" name="Emitter _emitUnion throws error if union combines enums with other node types" time="0.63">
    </testcase>
    <testcase classname="Emitter _emitUnion throws error if union contains non-reference types" name="Emitter _emitUnion throws error if union contains non-reference types" time="0.657">
    </testcase>
    <testcase classname="Emitter _emitEnum emits GQL type enum for string enum with single quotes" name="Emitter _emitEnum emits GQL type enum for string enum with single quotes" time="0.403">
    </testcase>
    <testcase classname="Emitter _emitEnum emits GQL type enum for string enum with double quotes" name="Emitter _emitEnum emits GQL type enum for string enum with double quotes" time="0.625">
    </testcase>
    <testcase classname="Emitter _emitEnum emits GQL type enum for enum with &apos;any&apos; typed initializers" name="Emitter _emitEnum emits GQL type enum for enum with &apos;any&apos; typed initializers" time="0.541">
    </testcase>
    <testcase classname="Emitter _emitEnum emits GQL type enum for enum with numeric literal initializers" name="Emitter _emitEnum emits GQL type enum for enum with numeric literal initializers" time="0.459">
    </testcase>
    <testcase classname="Emitter federation decoration basic type generation" name="Emitter federation decoration basic type generation" time="0.568">
    </testcase>
    <testcase classname="Emitter basic key decoration" name="Emitter basic key decoration" time="0.446">
    </testcase>
    <testcase classname="Emitter compound key decoration" name="Emitter compound key decoration" time="0.801">
    </testcase>
    <testcase classname="Emitter multiple keys decoration" name="Emitter multiple keys decoration" time="0.552">
    </testcase>
    <testcase classname="Emitter cost decoration field" name="Emitter cost decoration field" time="0.62">
    </testcase>
    <testcase classname="Emitter cost decoration multiple fields" name="Emitter cost decoration multiple fields" time="0.691">
    </testcase>
    <testcase classname="Emitter cost decoration type" name="Emitter cost decoration type" time="0.611">
    </testcase>
    <testcase classname="Emitter cost decoration field with key" name="Emitter cost decoration field with key" time="0.492">
    </testcase>
    <testcase classname="Emitter cost decoration type with key" name="Emitter cost decoration type with key" time="0.588">
    </testcase>
  </testsuite>
</testsuites>